  [1m[35m (90.5ms)[0m  [1m[35mCREATE DATABASE "first_routes_controllers_development" ENCODING = 'unicode'[0m
  ↳ bin/rails:9
  [1m[35m (32.9ms)[0m  [1m[35mCREATE DATABASE "first_routes_controllers_test" ENCODING = 'unicode'[0m
  ↳ bin/rails:9
Started GET "/" for ::1 at 2021-03-31 14:18:43 -0400

ActiveRecord::NoDatabaseError - FATAL:  database "first_routes_controllers_development" does not exist:

Started POST "/__better_errors/63235082b66a2fd6/variables" for ::1 at 2021-03-31 14:18:43 -0400
  [1m[35m (215.7ms)[0m  [1m[35mCREATE DATABASE "first_routes_controllers_development" ENCODING = 'unicode'[0m
  ↳ bin/rails:9
  [1m[35m (83.7ms)[0m  [1m[35mCREATE DATABASE "first_routes_controllers_test" ENCODING = 'unicode'[0m
  ↳ bin/rails:9
Started GET "/" for ::1 at 2021-03-31 14:22:00 -0400
Processing by Rails::WelcomeController#index as HTML
  Rendering /Users/danielezekiel/.rbenv/versions/2.5.1/lib/ruby/gems/2.5.0/gems/railties-5.2.5/lib/rails/templates/rails/welcome/index.html.erb
  Rendered /Users/danielezekiel/.rbenv/versions/2.5.1/lib/ruby/gems/2.5.0/gems/railties-5.2.5/lib/rails/templates/rails/welcome/index.html.erb (2.7ms)
Completed 200 OK in 18ms (Views: 11.3ms | ActiveRecord: 0.0ms)


Started GET "/users" for ::1 at 2021-03-31 14:32:47 -0400

AbstractController::ActionNotFound - The action 'index' could not be found for UsersController:

Started GET "/" for ::1 at 2021-03-31 14:38:31 -0400
Processing by Rails::WelcomeController#index as HTML
  Rendering /Users/samanthalilly/.rvm/gems/ruby-2.5.1/gems/railties-5.2.5/lib/rails/templates/rails/welcome/index.html.erb
  Rendered /Users/samanthalilly/.rvm/gems/ruby-2.5.1/gems/railties-5.2.5/lib/rails/templates/rails/welcome/index.html.erb (2.1ms)
Completed 200 OK in 11ms (Views: 5.5ms | ActiveRecord: 0.0ms)


Started GET "/" for ::1 at 2021-03-31 14:40:39 -0400
Processing by Rails::WelcomeController#index as */*
  Rendering /Users/samanthalilly/.rvm/gems/ruby-2.5.1/gems/railties-5.2.5/lib/rails/templates/rails/welcome/index.html.erb
  Rendered /Users/samanthalilly/.rvm/gems/ruby-2.5.1/gems/railties-5.2.5/lib/rails/templates/rails/welcome/index.html.erb (11.8ms)
Completed 200 OK in 84ms (Views: 41.8ms | ActiveRecord: 0.0ms)


Started GET "/users" for ::1 at 2021-03-31 14:40:58 -0400

AbstractController::ActionNotFound - The action 'index' could not be found for UsersController:

Started GET "/users" for ::1 at 2021-03-31 14:42:02 -0400
Processing by UsersController#index as */*
No template found for UsersController#index, rendering head :no_content
Completed 204 No Content in 98ms (ActiveRecord: 0.0ms)


Started GET "/users" for ::1 at 2021-03-31 14:42:18 -0400
Processing by UsersController#index as */*
No template found for UsersController#index, rendering head :no_content
Completed 204 No Content in 106ms (ActiveRecord: 0.0ms)


Started GET "/users" for ::1 at 2021-03-31 14:42:19 -0400
Processing by UsersController#index as */*
No template found for UsersController#index, rendering head :no_content
Completed 204 No Content in 102ms (ActiveRecord: 0.0ms)


Started GET "/users" for ::1 at 2021-03-31 14:44:06 -0400
Processing by UsersController#index as */*
  Rendering text template
  Rendered text template (0.0ms)
Completed 200 OK in 4ms (Views: 3.3ms | ActiveRecord: 0.0ms)


Started GET "/users" for ::1 at 2021-03-31 14:45:37 -0400
Processing by UsersController#index as */*
  Rendering text template
  Rendered text template (0.0ms)
Completed 200 OK in 1ms (Views: 0.3ms | ActiveRecord: 0.0ms)


Started GET "/users/1" for ::1 at 2021-03-31 14:47:13 -0400

AbstractController::ActionNotFound - The action 'show' could not be found for UsersController:

Started GET "/users/favorite_food=pizza" for ::1 at 2021-03-31 14:48:08 -0400

AbstractController::ActionNotFound - The action 'show' could not be found for UsersController:

Started GET "/users?fav_food=pizza" for ::1 at 2021-03-31 14:49:41 -0400
Processing by UsersController#index as */*
  Parameters: {"fav_food"=>"pizza"}
  Rendering text template
  Rendered text template (0.0ms)
Completed 200 OK in 1ms (Views: 0.6ms | ActiveRecord: 0.0ms)


Started GET "/users?fav_food=pizza" for ::1 at 2021-03-31 14:49:44 -0400
Processing by UsersController#index as */*
  Parameters: {"fav_food"=>"pizza"}
  Rendering text template
  Rendered text template (0.0ms)
Completed 200 OK in 1ms (Views: 0.8ms | ActiveRecord: 0.0ms)


Started GET "/users?daniel=true" for ::1 at 2021-03-31 14:50:11 -0400
Processing by UsersController#index as */*
  Parameters: {"daniel"=>"true"}
  Rendering text template
  Rendered text template (0.0ms)
Completed 200 OK in 1ms (Views: 0.5ms | ActiveRecord: 0.0ms)


Started GET "/users?sam=false" for ::1 at 2021-03-31 14:50:30 -0400
Processing by UsersController#index as */*
  Parameters: {"sam"=>"false"}
  Rendering text template
  Rendered text template (0.0ms)
Completed 200 OK in 2ms (Views: 0.8ms | ActiveRecord: 0.0ms)


Started GET "/" for ::1 at 2021-03-31 14:53:19 -0400
Processing by Rails::WelcomeController#index as */*
  Parameters: {"param"=>{"user"=>"daniel"}}
  Rendering /Users/samanthalilly/.rvm/gems/ruby-2.5.1/gems/railties-5.2.5/lib/rails/templates/rails/welcome/index.html.erb
  Rendered /Users/samanthalilly/.rvm/gems/ruby-2.5.1/gems/railties-5.2.5/lib/rails/templates/rails/welcome/index.html.erb (3.6ms)
Completed 200 OK in 49ms (Views: 26.1ms | ActiveRecord: 0.0ms)


Started GET "/" for ::1 at 2021-03-31 14:53:49 -0400
Processing by Rails::WelcomeController#index as */*
  Parameters: {"user"=>"daniel"}
  Rendering /Users/samanthalilly/.rvm/gems/ruby-2.5.1/gems/railties-5.2.5/lib/rails/templates/rails/welcome/index.html.erb
  Rendered /Users/samanthalilly/.rvm/gems/ruby-2.5.1/gems/railties-5.2.5/lib/rails/templates/rails/welcome/index.html.erb (2.4ms)
Completed 200 OK in 61ms (Views: 26.2ms | ActiveRecord: 0.0ms)


Started GET "/" for ::1 at 2021-03-31 14:54:14 -0400
Processing by Rails::WelcomeController#index as */*
  Rendering /Users/samanthalilly/.rvm/gems/ruby-2.5.1/gems/railties-5.2.5/lib/rails/templates/rails/welcome/index.html.erb
  Rendered /Users/samanthalilly/.rvm/gems/ruby-2.5.1/gems/railties-5.2.5/lib/rails/templates/rails/welcome/index.html.erb (2.4ms)
Completed 200 OK in 58ms (Views: 23.9ms | ActiveRecord: 0.0ms)


Started GET "/" for ::1 at 2021-03-31 14:54:28 -0400
Processing by Rails::WelcomeController#index as */*
  Rendering /Users/samanthalilly/.rvm/gems/ruby-2.5.1/gems/railties-5.2.5/lib/rails/templates/rails/welcome/index.html.erb
  Rendered /Users/samanthalilly/.rvm/gems/ruby-2.5.1/gems/railties-5.2.5/lib/rails/templates/rails/welcome/index.html.erb (1.6ms)
Completed 200 OK in 63ms (Views: 26.5ms | ActiveRecord: 0.0ms)


Started GET "/" for ::1 at 2021-03-31 14:54:52 -0400
Processing by Rails::WelcomeController#index as */*
  Parameters: {"param"=>{"user"=>"daniel"}}
  Rendering /Users/samanthalilly/.rvm/gems/ruby-2.5.1/gems/railties-5.2.5/lib/rails/templates/rails/welcome/index.html.erb
  Rendered /Users/samanthalilly/.rvm/gems/ruby-2.5.1/gems/railties-5.2.5/lib/rails/templates/rails/welcome/index.html.erb (3.8ms)
Completed 200 OK in 65ms (Views: 24.4ms | ActiveRecord: 0.0ms)


Started GET "/" for ::1 at 2021-03-31 14:57:41 -0400
Processing by Rails::WelcomeController#index as */*
  Parameters: {"param"=>{"user"=>"daniel"}}
  Rendering /Users/samanthalilly/.rvm/gems/ruby-2.5.1/gems/railties-5.2.5/lib/rails/templates/rails/welcome/index.html.erb
  Rendered /Users/samanthalilly/.rvm/gems/ruby-2.5.1/gems/railties-5.2.5/lib/rails/templates/rails/welcome/index.html.erb (3.0ms)
Completed 200 OK in 49ms (Views: 23.9ms | ActiveRecord: 0.0ms)


Started GET "/?fav_food=pizza" for ::1 at 2021-03-31 14:59:04 -0400
Processing by Rails::WelcomeController#index as */*
  Parameters: {"param"=>{"user"=>"daniel"}, "fav_food"=>"pizza"}
  Rendering /Users/samanthalilly/.rvm/gems/ruby-2.5.1/gems/railties-5.2.5/lib/rails/templates/rails/welcome/index.html.erb
  Rendered /Users/samanthalilly/.rvm/gems/ruby-2.5.1/gems/railties-5.2.5/lib/rails/templates/rails/welcome/index.html.erb (2.2ms)
Completed 200 OK in 59ms (Views: 23.4ms | ActiveRecord: 0.0ms)


Started GET "/users?fav_food=pizza" for ::1 at 2021-03-31 15:00:07 -0400
Processing by UsersController#index as */*
  Parameters: {"param"=>{"user"=>"daniel"}, "fav_food"=>"pizza"}
  Rendering text template
  Rendered text template (0.0ms)
Completed 200 OK in 2ms (Views: 1.2ms | ActiveRecord: 0.0ms)


Started GET "/users?fav_food=pizza" for ::1 at 2021-03-31 15:00:22 -0400
Processing by UsersController#index as */*
  Parameters: {"fav_food"=>"pizza"}
  Rendering text template
  Rendered text template (0.0ms)
Completed 200 OK in 1ms (Views: 0.5ms | ActiveRecord: 0.0ms)


Started POST "/users" for ::1 at 2021-03-31 15:03:16 -0400
Processing by UsersController#create as */*
  Parameters: {"food"=>"pizza"}
Completed 200 OK in 3ms (Views: 2.3ms | ActiveRecord: 0.0ms)


Started GET "/users/1" for ::1 at 2021-03-31 15:04:58 -0400

AbstractController::ActionNotFound - The action 'show' could not be found for UsersController:

Started GET "/users/1" for ::1 at 2021-03-31 15:05:43 -0400
Processing by UsersController#show as */*
  Parameters: {"id"=>"1"}
Completed 200 OK in 1ms (Views: 0.2ms | ActiveRecord: 0.0ms)


Started GET "/users/3" for ::1 at 2021-03-31 15:06:49 -0400
Processing by UsersController#show as */*
  Parameters: {"id"=>"3"}
Completed 200 OK in 1ms (Views: 0.6ms | ActiveRecord: 0.0ms)


Started GET "/users" for ::1 at 2021-03-31 15:13:14 -0400
Processing by UsersController#index as */*
  Parameters: {"food"=>{"pizza"=>"veggie"}}
  Rendering text template
  Rendered text template (0.0ms)
Completed 200 OK in 10ms (Views: 5.1ms | ActiveRecord: 0.0ms)


Started GET "/users" for ::1 at 2021-03-31 15:13:53 -0400
Processing by UsersController#index as */*
  Parameters: {"food"=>{"pizza"=>"cheese"}}
  Rendering text template
  Rendered text template (0.0ms)
Completed 200 OK in 1ms (Views: 0.5ms | ActiveRecord: 0.0ms)


Started GET "/users" for ::1 at 2021-03-31 15:14:48 -0400
Processing by UsersController#index as */*
  Parameters: {"food"=>{"pizza"=>"cheese"}, "store"=>{"milk"=>"cereal"}}
  Rendering text template
  Rendered text template (0.0ms)
Completed 200 OK in 1ms (Views: 0.3ms | ActiveRecord: 0.0ms)


Started GET "/users" for ::1 at 2021-03-31 15:16:11 -0400
Processing by UsersController#index as */*
  Parameters: {"food"=>{"pizza"=>"cheese"}, "store"=>{"milk"=>"cereal"}, "milk"=>{"cereal"=>"coco pops"}}
  Rendering text template
  Rendered text template (0.0ms)
Completed 200 OK in 1ms (Views: 0.4ms | ActiveRecord: 0.0ms)


Started DELETE "/users" for ::1 at 2021-03-31 15:16:56 -0400
  
ActionController::RoutingError (No route matches [DELETE] "/users"):
  
actionpack (5.2.5) lib/action_dispatch/middleware/debug_exceptions.rb:65:in `call'
web-console (3.7.0) lib/web_console/middleware.rb:135:in `call_app'
web-console (3.7.0) lib/web_console/middleware.rb:30:in `block in call'
web-console (3.7.0) lib/web_console/middleware.rb:20:in `catch'
web-console (3.7.0) lib/web_console/middleware.rb:20:in `call'
actionpack (5.2.5) lib/action_dispatch/middleware/show_exceptions.rb:33:in `call'
railties (5.2.5) lib/rails/rack/logger.rb:38:in `call_app'
railties (5.2.5) lib/rails/rack/logger.rb:26:in `block in call'
activesupport (5.2.5) lib/active_support/tagged_logging.rb:71:in `block in tagged'
activesupport (5.2.5) lib/active_support/tagged_logging.rb:28:in `tagged'
activesupport (5.2.5) lib/active_support/tagged_logging.rb:71:in `tagged'
railties (5.2.5) lib/rails/rack/logger.rb:26:in `call'
sprockets-rails (3.2.2) lib/sprockets/rails/quiet_assets.rb:13:in `call'
actionpack (5.2.5) lib/action_dispatch/middleware/remote_ip.rb:81:in `call'
actionpack (5.2.5) lib/action_dispatch/middleware/request_id.rb:27:in `call'
rack (2.2.3) lib/rack/method_override.rb:24:in `call'
rack (2.2.3) lib/rack/runtime.rb:22:in `call'
activesupport (5.2.5) lib/active_support/cache/strategy/local_cache_middleware.rb:29:in `call'
actionpack (5.2.5) lib/action_dispatch/middleware/executor.rb:14:in `call'
actionpack (5.2.5) lib/action_dispatch/middleware/static.rb:127:in `call'
rack (2.2.3) lib/rack/sendfile.rb:110:in `call'
railties (5.2.5) lib/rails/engine.rb:524:in `call'
puma (3.12.6) lib/puma/configuration.rb:227:in `call'
puma (3.12.6) lib/puma/server.rb:706:in `handle_request'
puma (3.12.6) lib/puma/server.rb:476:in `process_client'
puma (3.12.6) lib/puma/server.rb:334:in `block in run'
puma (3.12.6) lib/puma/thread_pool.rb:135:in `block in spawn_thread'
  [1m[35m (35.4ms)[0m  [1m[35mCREATE TABLE "schema_migrations" ("version" character varying NOT NULL PRIMARY KEY)[0m
  ↳ bin/rails:9
  [1m[35m (5.2ms)[0m  [1m[35mCREATE TABLE "ar_internal_metadata" ("key" character varying NOT NULL PRIMARY KEY, "value" character varying, "created_at" timestamp NOT NULL, "updated_at" timestamp NOT NULL)[0m
  ↳ bin/rails:9
  [1m[35m (0.5ms)[0m  [1m[34mSELECT pg_try_advisory_lock(8351843619101397030)[0m
  ↳ bin/rails:9
  [1m[35m (0.7ms)[0m  [1m[34mSELECT "schema_migrations"."version" FROM "schema_migrations" ORDER BY "schema_migrations"."version" ASC[0m
  ↳ bin/rails:9
Migrating to CreateUsersTable (20210331192140)
  [1m[35m (0.2ms)[0m  [1m[35mBEGIN[0m
  ↳ bin/rails:9
  [1m[35m (12.1ms)[0m  [1m[35mCREATE TABLE "users_tables" ("id" bigserial primary key, "name" character varying NOT NULL, "email" character varying NOT NULL, "created_at" timestamp NOT NULL, "updated_at" timestamp NOT NULL)[0m
  ↳ db/migrate/20210331192140_create_users_table.rb:3
  [1m[36mActiveRecord::SchemaMigration Create (4.7ms)[0m  [1m[32mINSERT INTO "schema_migrations" ("version") VALUES ($1) RETURNING "version"[0m  [["version", "20210331192140"]]
  ↳ bin/rails:9
  [1m[35m (0.8ms)[0m  [1m[35mCOMMIT[0m
  ↳ bin/rails:9
  [1m[36mActiveRecord::InternalMetadata Load (0.4ms)[0m  [1m[34mSELECT  "ar_internal_metadata".* FROM "ar_internal_metadata" WHERE "ar_internal_metadata"."key" = $1 LIMIT $2[0m  [["key", "environment"], ["LIMIT", 1]]
  ↳ bin/rails:9
  [1m[35m (0.1ms)[0m  [1m[35mBEGIN[0m
  ↳ bin/rails:9
  [1m[36mActiveRecord::InternalMetadata Create (1.0ms)[0m  [1m[32mINSERT INTO "ar_internal_metadata" ("key", "value", "created_at", "updated_at") VALUES ($1, $2, $3, $4) RETURNING "key"[0m  [["key", "environment"], ["value", "development"], ["created_at", "2021-03-31 19:24:44.499142"], ["updated_at", "2021-03-31 19:24:44.499142"]]
  ↳ bin/rails:9
  [1m[35m (0.2ms)[0m  [1m[35mCOMMIT[0m
  ↳ bin/rails:9
  [1m[35m (0.2ms)[0m  [1m[34mSELECT pg_advisory_unlock(8351843619101397030)[0m
  ↳ bin/rails:9
  [1m[35m (0.2ms)[0m  [1m[34mSELECT "schema_migrations"."version" FROM "schema_migrations" ORDER BY "schema_migrations"."version" ASC[0m
  ↳ bin/rails:9
  [1m[35m (0.9ms)[0m  [1m[34mSELECT "schema_migrations"."version" FROM "schema_migrations" ORDER BY "schema_migrations"."version" ASC[0m
  ↳ bin/rails:9
